C51 COMPILER V9.59.0.0   EXPAND                                                            08/26/2025 17:58:27 PAGE 1   


C51 COMPILER V9.59.0.0, COMPILATION OF MODULE EXPAND
OBJECT MODULE PLACED IN ..\OUTPUT\expand.obj
COMPILER INVOKED BY: D:\keil\C51\BIN\C51.EXE ..\USER\expand.c LARGE OPTIMIZE(9,SPEED) BROWSE DEBUG OBJECTEXTEND PRINT(..
                    -\OUTPUT\expand.lst) TABS(2) OBJECT(..\OUTPUT\expand.obj)

line level    source

   1          #include "TP.h"
   2          #include "io.h"
   3          
   4          
   5          
   6          


MODULE INFORMATION:   STATIC OVERLAYABLE
   CODE SIZE        =   ----    ----
   CONSTANT SIZE    =   ----    ----
   XDATA SIZE       =   ----    ----
   PDATA SIZE       =   ----    ----
   DATA SIZE        =   ----    ----
   IDATA SIZE       =   ----    ----
   BIT SIZE         =   ----    ----
END OF MODULE INFORMATION.


C51 COMPILATION COMPLETE.  0 WARNING(S),  0 ERROR(S)
